
========= ./doc/libs/std/math/.test/math_trigonometric.log =========

-- Output --
-- Errors --
error: Symbol cos not found.
  ---> <from_str>:4:8
     |
   4 | assert(cos(pi) == -1.);
     |        ^^^^^^^
     |
error: Assertion failed: <invalid>
  ---> <from_str>:4:8
     |
   4 | assert(cos(pi) == -1.);
     |        ^^^^^^^^^^^^^^
     |
error: Symbol tan not found.
  ---> <from_str>:5:8
     |
   5 | assert(tan(0) == 0.);
     |        ^^^^^^
     |
error: Assertion failed: <invalid>
  ---> <from_str>:5:8
     |
   5 | assert(tan(0) == 0.);
     |        ^^^^^^^^^^^^
     |
-- Test result --
TODO

========= ./doc/libs/std/math/.test/math_abs.log =========

-- Output --
-- Errors --
-- Test result --
OK

========= ./doc/libs/std/ops/.test/hull_multiple.log =========

-- Output --
-- Errors --
error: Symbol hull not found.
  ---> <from_str>:4:1
     |
   4 | hull() {
     | ^^^^^^
     |
-- Test result --
TODO

========= ./doc/libs/std/ops/.test/union_operator.log =========

-- Output --
-- Errors --
-- Test result --
OK

========= ./doc/libs/std/ops/.test/hull_single.log =========

-- Output --
-- Errors --
error: Symbol hull not found.
  ---> <from_str>:1:1
     |
   1 | hull()
     | ^^^^^^
     |
-- Test result --
TODO

========= ./doc/libs/std/ops/.test/intersection_alt_operator.log =========

-- Output --
-- Errors --
-- Test result --
OK

========= ./doc/libs/std/ops/.test/difference_alt_operator.log =========

-- Output --
-- Errors --
-- Test result --
OK

========= ./doc/libs/std/ops/.test/union_alt_operator.log =========

-- Output --
-- Errors --
-- Test result --
OK

========= ./doc/libs/std/ops/.test/intersection_operator.log =========

-- Output --
-- Errors --
-- Test result --
OK

========= ./doc/libs/std/ops/.test/difference_operator.log =========

-- Output --
-- Errors --
-- Test result --
OK

========= ./doc/libs/std/.test/export_single.log =========

-- Output --
-- Errors --
-- Test result --
OK

========= ./doc/libs/std/.test/export_multiple.log =========

-- Output --
-- Errors --
-- Test result --
OK

========= ./doc/structure/.test/initial_source_file_3D.log =========

-- Output --
-- Errors --
-- Test result --
OK

========= ./doc/structure/.test/part_basic.log =========

-- Output --
-- Errors --
-- Test result --
OK

========= ./doc/structure/.test/initial_source_file_mixed.log =========

-- Output --
-- Errors --
-- Test result --
OK BUT SHOULD FAIL

========= ./doc/structure/.test/assignment_immutable.log =========

-- Output --
-- Errors --
-- Test result --
OK BUT SHOULD FAIL

========= ./doc/structure/.test/initializers.log =========

-- Output --
-- Errors --
-- Test result --
OK BUT SHOULD FAIL

========= ./doc/structure/.test/use_as.log =========

-- Output --
-- Errors --
-- Test result --
OK

========= ./doc/structure/.test/return_twice.log =========


========= ./doc/structure/.test/use_all.log =========

-- Output --
-- Errors --
-- Test result --
OK

========= ./doc/structure/.test/property.log =========

Parser error:  --> 8:16
  |
8 |     prop inner = outer / 2;
  |                ^---
  |
  = expected COMMENT, identifier, list_element_access, tuple_element_access, add, subtract, multiply, divide, union, intersection, power_xor, greater_than, less_than, greater_equal, less_equal, equal, near, not_equal, and, or, xor, if_binary_op, else_binary_op, method_call, or body
-- Test result --
FAIL (TODO)

========= ./doc/structure/.test/init_property.log =========

-- Output --
-- Errors --
-- Test result --
OK

========= ./doc/structure/.test/example.log =========

-- Output --
-- Errors --
error: Not implemented: Function evaluation
error: Not implemented: Function evaluation
-- Test result --
FAIL

========= ./doc/structure/.test/if.log =========

Parser error:  --> 2:16
  |
2 |     if x == 5 || x == 4 {
  |                ^---
  |
  = expected COMMENT, format_string, literal, list_expression, tuple_expression, nested, unary_minus, unary_plus, or unary_not
-- Test result --
FAIL (TODO)

========= ./doc/structure/.test/parameters.log =========

Parser error:  --> 3:8
  |
3 |     if @children.count() == 1 {
  |        ^---
  |
  = expected COMMENT or expression
-- Test result --
FAIL

========= ./doc/structure/.test/mod_example.log =========

-- Output --
-- Errors --
-- Test result --
OK

========= ./doc/structure/.test/assignment.log =========

-- Output --
-- Errors --
error: Symbol std::debug::assert_eq not found.
  ---> <from_str>:3:1
     |
   3 | std::debug::assert_eq(a,5);
     | ^^^^^^^^^^^^^^^^^^^^^^^^^^
     |
error: Symbol std::debug::assert_eq not found.
  ---> <from_str>:4:1
     |
   4 | std::debug::assert_eq(b,10);
     | ^^^^^^^^^^^^^^^^^^^^^^^^^^^
     |
-- Test result --
FAIL

========= ./doc/structure/.test/building_plan.log =========

-- Output --
-- Errors --
-- Test result --
OK

========= ./doc/structure/.test/call_workbench.log =========

-- Output --
-- Errors --
-- Test result --
OK

========= ./doc/structure/.test/use_statement_pub.log =========


========= ./doc/structure/.test/multiplicity_tuple_array.log =========

-- Output --
-- Errors --
-- Test result --
OK

========= ./doc/structure/.test/call_function.log =========

Parser error:  --> 8:15
  |
8 | std::assert_eq!( s, 4 );
  |               ^---
  |
  = expected COMMENT, list_element_access, tuple_element_access, add, subtract, multiply, divide, union, intersection, power_xor, greater_than, less_than, greater_equal, less_equal, equal, near, not_equal, and, or, xor, if_binary_op, else_binary_op, method_call, or body
-- Test result --
FAIL

========= ./doc/structure/.test/code_between_initializers.log =========

-- Output --
-- Errors --
-- Test result --
OK BUT SHOULD FAIL

========= ./doc/structure/.test/missed_property.log =========

-- Output --
-- Errors --
-- Test result --
OK BUT SHOULD FAIL

========= ./doc/structure/.test/tuple_match_warnings.log =========

-- Output --
-- Errors --
error: Not implemented: Function evaluation
-- Test result --
FAILED AS EXPECTED

========= ./doc/structure/.test/tuple_match_variants.log =========

-- Output --
-- Errors --
error: Not implemented: Function evaluation
error: Not implemented: Function evaluation
error: Not implemented: Function evaluation
error: Not implemented: Function evaluation
error: Not implemented: Function evaluation
error: Not implemented: Function evaluation
-- Test result --
FAIL

========= ./doc/structure/.test/none.log =========

-- Output --
-- Errors --
-- Test result --
OK

========= ./doc/structure/.test/tuple_match_errors.log =========

-- Output --
-- Errors --
error: Not implemented: Function evaluation
-- Test result --
FAILED AS EXPECTED

========= ./doc/structure/.test/code_post_init.log =========

-- Output --
-- Errors --
-- Test result --
OK

========= ./doc/structure/.test/workbench_fn_prop.log =========

Parser error:  --> 2:11
  |
2 |     pub fn inner() { 
  |           ^---
  |
  = expected identifier_part
-- Test result --
FAILED AS EXPECTED

========= ./doc/structure/.test/no_multiplicity.log =========

-- Output --
-- Errors --
-- Test result --
OK

========= ./doc/structure/.test/argument_match_mix.log =========

-- Output --
-- Errors --
error: Not implemented: Function evaluation
-- Test result --
FAIL

========= ./doc/structure/.test/sketch_basic.log =========

-- Output --
-- Errors --
-- Test result --
OK

========= ./doc/structure/.test/argument_match_type.log =========

-- Output --
-- Errors --
error: Not implemented: Function evaluation
-- Test result --
FAIL

========= ./doc/structure/.test/use_module.log =========

-- Output --
-- Errors --
-- Test result --
OK

========= ./doc/structure/.test/use.log =========

-- Output --
-- Errors --
-- Test result --
OK

========= ./doc/structure/.test/children.log =========

Parser error:  --> 4:8
  |
4 |     if @children.count() == 2 && {
  |        ^---
  |
  = expected COMMENT or expression
-- Test result --
FAIL

========= ./doc/structure/.test/use_as_module.log =========

-- Output --
-- Errors --
-- Test result --
OK

========= ./doc/structure/.test/code.log =========

-- Output --
-- Errors --
-- Test result --
OK

========= ./doc/structure/.test/op_example.log =========

-- Output --
-- Errors --
-- Test result --
OK

========= ./doc/structure/.test/call_op.log =========

-- Output --
-- Errors --
error: Not implemented: Function evaluation
-- Test result --
FAIL

========= ./doc/structure/.test/return.log =========


========= ./doc/structure/.test/pre_init_code.log =========

Parser error:  --> 3:18
  |
3 |     const FACTOR = 2.0;
  |                  ^---
  |
  = expected COMMENT, identifier, list_element_access, tuple_element_access, add, subtract, multiply, divide, union, intersection, power_xor, greater_than, less_than, greater_equal, less_equal, equal, near, not_equal, and, or, xor, if_binary_op, else_binary_op, method_call, or body
-- Test result --
FAIL

========= ./doc/structure/.test/initial_source_file_2D.log =========

-- Output --
-- Errors --
-- Test result --
OK

========= ./doc/structure/.test/property_wrong.log =========

-- Output --
-- Errors --
error: Missing arguments: outer

  ---> <from_str>:1:1
     |
   1 | sketch wheel(outer: length) {
     | ^^^^^^^^^^^^^^^^^^^^^^^^^^^^^
     |
error: Property not found: outer
  ---> <from_str>:14:20
     |
  14 | std::info("outer: {t.outer}");
     |                    ^^^^^^^
     |
info: outer: <invalid>
error: Property not found: inner
  ---> <from_str>:16:20
     |
  16 | std::info("inner: {t.inner}");
     |                    ^^^^^^^
     |
info: inner: <invalid>
-- Test result --
FAILED AS EXPECTED

========= ./doc/structure/.test/workbench_example.log =========

-- Output --
-- Errors --
error: Symbol circle not found.
  ---> <from_str>:8:5
     |
   8 |     circle(radius) - circle(inner());
     |     ^^^^^^^^^^^^^^
     |
error: Symbol circle not found.
  ---> <from_str>:8:22
     |
   8 |     circle(radius) - circle(inner());
     |                      ^^^^^^^^^^^^^^^
     |
-- Test result --
TODO

========= ./doc/structure/.test/tuple_match.log =========

Parser error:  --> 9:1
  |
9 | f( plane, z=3cm);
  | ^---
  |
  = expected COMMENT, list_element_access, tuple_element_access, add, subtract, multiply, divide, union, intersection, power_xor, greater_than, less_than, greater_equal, less_equal, equal, near, not_equal, and, or, xor, if_binary_op, else_binary_op, or method_call
-- Test result --
FAIL

========= ./doc/structure/.test/part_declaration.log =========

Parser error:  --> 5:18
  |
5 |     const FACTOR = 2;
  |                  ^---
  |
  = expected COMMENT, identifier, list_element_access, tuple_element_access, add, subtract, multiply, divide, union, intersection, power_xor, greater_than, less_than, greater_equal, less_equal, equal, near, not_equal, and, or, xor, if_binary_op, else_binary_op, method_call, or body
-- Test result --
FAIL

========= ./doc/structure/.test/multiplicity_arrays.log =========

-- Output --
-- Errors --
-- Test result --
OK

========= ./doc/structure/.test/workbench_pub.log =========

Parser error:  --> 2:11
  |
2 |     pub fn inner() { radius/2 }   // error: cant use pub inside workbench
  |           ^---
  |
  = expected identifier_part
-- Test result --
FAILED AS EXPECTED

========= ./doc/structure/.test/mod.log =========

Parser error:   --> 13:11
   |
13 |     pub fn square(x: Scalar) {
   |           ^---
   |
   = expected identifier_part
-- Test result --
FAIL

========= ./doc/structure/.test/argument_match_name.log =========

-- Output --
-- Errors --
error: Not implemented: Function evaluation
-- Test result --
FAIL

========= ./doc/types/.test/types_def_vs_decl.log =========

-- Output --
-- Errors --
-- Test result --
OK

========= ./doc/types/.test/types_quantity_area_units.log =========

-- Output --
-- Errors --
-- Test result --
OK

========= ./doc/types/.test/types_quantity_angle.log =========

-- Output --
-- Errors --
-- Test result --
OK

========= ./doc/types/.test/types_quantity_scalar.log =========

-- Output --
-- Errors --
-- Test result --
OK

========= ./doc/types/.test/array_unit_bundling.log =========

-- Output --
-- Errors --
-- Test result --
OK

========= ./doc/types/.test/tuple_fields_D.log =========

-- Output --
-- Errors --
-- Test result --
OK

========= ./doc/types/.test/tuple_parameters_C.log =========

Parser error:  --> 1:11
  |
1 | part box(x,y,z = 0mm) {}
  |           ^---
  |
  = expected COMMENT
-- Test result --
FAILED AS EXPECTED

========= ./doc/types/.test/tuple_fields_A.log =========

Parser error:  --> 1:17
  |
1 | (width, height) = (1,2)mm;
  |                 ^---
  |
  = expected EOI, COMMENT, list_element_access, tuple_element_access, add, subtract, multiply, divide, union, intersection, power_xor, greater_than, less_than, greater_equal, less_equal, equal, near, not_equal, and, or, xor, if_binary_op, else_binary_op, or method_call
-- Test result --
FAILED AS EXPECTED

========= ./doc/types/.test/types_quantity_area.log =========

-- Output --
-- Errors --
-- Test result --
OK

========= ./doc/types/.test/types_bundles_functions.log =========

-- Output --
-- Errors --
-- Test result --
OK

========= ./doc/types/.test/types_quantity_weight.log =========

-- Output --
-- Errors --
-- Test result --
OK

========= ./doc/types/.test/tuple_parameters_A.log =========

Parser error:  --> 1:10
  |
1 | part box((x,y,z) = 0mm) {}
  |          ^---
  |
  = expected COMMENT or identifier
-- Test result --
FAILED AS EXPECTED

========= ./doc/types/.test/tuple_named_tuple.log =========

-- Output --
-- Errors --
-- Test result --
OK

========= ./doc/types/.test/types_primitive_string.log =========

-- Output --
Hello Âµcad!
-- Errors --
error: Not implemented: call_method for String
error: Assertion failed: <invalid>
  ---> <from_str>:2:20
     |
   2 | std::debug::assert(text.count() == 11);
     |                    ^^^^^^^^^^^^^^^^^^
     |
-- Test result --
FAIL

========= ./doc/types/.test/tuple_parameters_B.log =========

-- Output --
-- Errors --
-- Test result --
OK

========= ./doc/types/.test/types_primitive_bool.log =========

-- Output --
-- Errors --
-- Test result --
OK

========= ./doc/types/.test/types_quantity_volume.log =========

-- Output --
-- Errors --
-- Test result --
OK

========= ./doc/types/.test/types_primitive_integer.log =========

-- Output --
-- Errors --
-- Test result --
OK

========= ./doc/types/.test/types_quantity_volume_units.log =========

-- Output --
-- Errors --
-- Test result --
OK

========= ./doc/types/.test/tuple_fields_E.log =========

Parser error:  --> 1:6
  |
1 | width, height = 0mm;
  |      ^---
  |
  = expected EOI, COMMENT, list_element_access, tuple_element_access, add, subtract, multiply, divide, union, intersection, power_xor, greater_than, less_than, greater_equal, less_equal, equal, near, not_equal, and, or, xor, if_binary_op, else_binary_op, method_call, or body
-- Test result --
FAILED AS EXPECTED

========= ./doc/types/.test/tuple_fields_B.log =========

-- Output --
-- Errors --
-- Test result --
OK

========= ./doc/types/.test/types_quantity_length.log =========

-- Output --
-- Errors --
-- Test result --
OK

========= ./doc/types/.test/quantity_types_number_literals.log =========

-- Output --
-- Errors --
-- Test result --
OK

========= ./doc/types/.test/tuple_fields_C.log =========

Parser error:  --> 1:17
  |
1 | (width, height) = (0mm,0mm);
  |                 ^---
  |
  = expected EOI, COMMENT, list_element_access, tuple_element_access, add, subtract, multiply, divide, union, intersection, power_xor, greater_than, less_than, greater_equal, less_equal, equal, near, not_equal, and, or, xor, if_binary_op, else_binary_op, or method_call
-- Test result --
FAILED AS EXPECTED

========= ./doc/types/.test/types_no_declaration.log =========

Parser error:  --> 1:10
  |
1 | x: Length;         // error
  |          ^---
  |
  = expected COMMENT
-- Test result --
FAILED AS EXPECTED

========= ./doc/debug/.test/verify_todo.log =========

Parser error:  --> 3:6
  |
3 | if a = 0 
  |      ^---
  |
  = expected COMMENT, identifier, list_element_access, tuple_element_access, add, subtract, multiply, divide, union, intersection, power_xor, greater_than, less_than, greater_equal, less_equal, equal, near, not_equal, and, or, xor, if_binary_op, else_binary_op, method_call, or body
-- Test result --
FAIL (TODO)

========= ./doc/debug/.test/verify_panic.log =========

Parser error:  --> 4:5
  |
4 |     std::panic("this should not have happened");
  |     ^---
  |
  = expected COMMENT, list_element_access, tuple_element_access, add, subtract, multiply, divide, union, intersection, power_xor, greater_than, less_than, greater_equal, less_equal, equal, near, not_equal, and, or, xor, if_binary_op, else_binary_op, method_call, or body
-- Test result --
FAIL (TODO)

========= ./doc/debug/.test/verify_assert.log =========

-- Output --
-- Errors --
-- Test result --
OK

========= ./doc/debug/.test/verify_assert_fail.log =========

-- Output --
-- Errors --
error: Assertion failed: false: this assertion fails
  ---> <from_str>:1:20
     |
   1 | std::debug::assert(false, "this assertion fails");
     |                    ^^^^^
     |
-- Test result --
FAILED AS EXPECTED

========= ./doc/nodes/.test/measure.log =========

